<?xml version="1.0" encoding="UTF-8"?>
<!-- Generated by org.testng.reporters.JUnitReportReporter -->
<testsuite skipped="0" hostname="PARTH-PC" name="com.Flipkart.AddtoCart.AddtoCartIndex" tests="1" failures="0" timestamp="06 May 2020 19:10:25 GMT" time="29.118" errors="0">
  <testcase name="AddToCart" time="29.118" classname="com.Flipkart.AddtoCart.AddtoCartIndex"/>
</testsuite> <!-- com.Flipkart.AddtoCart.AddtoCartIndex -->
